# ELBREAD: Elaboration process.
# ELBREAD: Warning: Unit spi_mux_digit_driver_tb(TB_ARCHITECTURE) created by a newer version of the compiler found.
# ELBREAD: Error: Library 'prelab11' has incompatible format. Recompile all library units.
# ELBREAD: Error: Elaboration process completed with errors.
# Design: Error: Elaboration failed
acom -dbg -e 100 -work prelab11 -2008  $dsn/src/spi_mux_digit_driver.vhd $dsn/src/spi_mux_digit_driver_TB.vhd $dsn/src/decoder_2to4.vhd $dsn/src/decoder_2to4_tb.vhd $dsn/src/edge_det.vhd $dsn/src/hex_dig_mux.vhd $dsn/src/hex_dig_mux_tb.vhd $dsn/src/hex_digit_reg.vhd $dsn/src/hex_digit_reg_tb.vhd $dsn/src/hex_seven.vhd $dsn/src/load_digit_fsm.vhd $dsn/src/load_digit_fsm_tb.vhd $dsn/src/rx_buff_reg.vhd $dsn/src/rx_buff_reg_tb.vhd $dsn/src/slv_spi_rx_shifter.vhd $dsn/src/spi_digit_driver.vhd
# File: F:/ESE382-Lab/Lab11/Prelab11/Prelab11/prelab11/src/spi_mux_digit_driver.vhd
# Compile Entity "slv_spi_rx_shifter"
# Compile Architecture "slv_spi_rx_shifter" of Entity "slv_spi_rx_shifter"
# Compile Entity "edge_det"
# Compile Architecture "moore_fsm" of Entity "edge_det"
# Compile Entity "rx_buff_reg"
# Compile Architecture "Behavioral" of Entity "rx_buff_reg"
# Compile Entity "hex_digit_reg"
# Compile Architecture "behavioral" of Entity "hex_digit_reg"
# Compile Entity "decoder_2to4"
# Compile Architecture "dataflow" of Entity "decoder_2to4"
# Compile Entity "load_digit_fsm"
# Compile Architecture "moore_fsm" of Entity "load_digit_fsm"
# Compile Entity "hex_dig_mux"
# Compile Architecture "behavioral" of Entity "hex_dig_mux"
# Compile Entity "hex_seven"
# Compile Architecture "behavioral" of Entity "hex_seven"
# Compile Entity "spi_mux_digit_driver"
# Compile Architecture "spi_mux_digit_driver" of Entity "spi_mux_digit_driver"
# File: F:/ESE382-Lab/Lab11/Prelab11/Prelab11/prelab11/src/spi_mux_digit_driver_TB.vhd
# Compile Entity "spi_mux_digit_driver_tb"
# Compile Architecture "TB_ARCHITECTURE" of Entity "spi_mux_digit_driver_tb"
# File: F:/ESE382-Lab/Lab11/Prelab11/Prelab11/prelab11/src/decoder_2to4.vhd
# Compile Entity "decoder_2to4"
# Compile Architecture "dataflow" of Entity "decoder_2to4"
# Warning: COMP96_0994: decoder_2to4.vhd : (33, 1): Multiple architecture "dataflow" of entity "decoder_2to4" found in "F:/ESE382-Lab/Lab11/Prelab11/Prelab11/prelab11/src/decoder_2to4.vhd", "F:/ESE382-Lab/Lab11/Prelab11/Prelab11/prelab11/src/spi_mux_digit_driver.vhd".
# File: F:/ESE382-Lab/Lab11/Prelab11/Prelab11/prelab11/src/decoder_2to4_tb.vhd
# Compile Entity "decoder_2to4_tb"
# Compile Architecture "decoder_2to4_tb" of Entity "decoder_2to4_tb"
# File: F:/ESE382-Lab/Lab11/Prelab11/Prelab11/prelab11/src/edge_det.vhd
# Compile Entity "edge_det"
# Compile Architecture "moore_fsm" of Entity "edge_det"
# Warning: COMP96_0994: edge_det.vhd : (37, 1): Multiple architecture "moore_fsm" of entity "edge_det" found in "F:/ESE382-Lab/Lab11/Prelab11/Prelab11/prelab11/src/edge_det.vhd", "F:/ESE382-Lab/Lab11/Prelab11/Prelab11/prelab11/src/spi_mux_digit_driver.vhd".
# File: F:/ESE382-Lab/Lab11/Prelab11/Prelab11/prelab11/src/hex_dig_mux.vhd
# Compile Entity "hex_dig_mux"
# Compile Architecture "behavioral" of Entity "hex_dig_mux"
# Warning: COMP96_0994: hex_dig_mux.vhd : (35, 1): Multiple architecture "behavioral" of entity "hex_dig_mux" found in "F:/ESE382-Lab/Lab11/Prelab11/Prelab11/prelab11/src/hex_dig_mux.vhd", "F:/ESE382-Lab/Lab11/Prelab11/Prelab11/prelab11/src/spi_mux_digit_driver.vhd".
# File: F:/ESE382-Lab/Lab11/Prelab11/Prelab11/prelab11/src/hex_dig_mux_tb.vhd
# Compile Entity "hex_dig_mux_tb"
# Compile Architecture "hex_dig_mux_tb" of Entity "hex_dig_mux_tb"
# File: F:/ESE382-Lab/Lab11/Prelab11/Prelab11/prelab11/src/hex_digit_reg.vhd
# Compile Entity "hex_digit_reg"
# Compile Architecture "behavioral" of Entity "hex_digit_reg"
# Warning: COMP96_0994: hex_digit_reg.vhd : (36, 1): Multiple architecture "behavioral" of entity "hex_digit_reg" found in "F:/ESE382-Lab/Lab11/Prelab11/Prelab11/prelab11/src/hex_digit_reg.vhd", "F:/ESE382-Lab/Lab11/Prelab11/Prelab11/prelab11/src/spi_mux_digit_driver.vhd".
# File: F:/ESE382-Lab/Lab11/Prelab11/Prelab11/prelab11/src/hex_digit_reg_tb.vhd
# Compile Entity "hex_digit_reg_tb"
# Compile Architecture "hex_digit_reg_tb" of Entity "hex_digit_reg_tb"
# File: F:/ESE382-Lab/Lab11/Prelab11/Prelab11/prelab11/src/hex_seven.vhd
# Compile Entity "hex_seven"
# Compile Architecture "behavioral" of Entity "hex_seven"
# Warning: COMP96_0994: hex_seven.vhd : (35, 1): Multiple architecture "behavioral" of entity "hex_seven" found in "F:/ESE382-Lab/Lab11/Prelab11/Prelab11/prelab11/src/hex_seven.vhd", "F:/ESE382-Lab/Lab11/Prelab11/Prelab11/prelab11/src/spi_mux_digit_driver.vhd".
# File: F:/ESE382-Lab/Lab11/Prelab11/Prelab11/prelab11/src/load_digit_fsm.vhd
# Compile Entity "load_digit_fsm"
# Compile Architecture "moore_fsm" of Entity "load_digit_fsm"
# Warning: COMP96_0994: load_digit_fsm.vhd : (36, 1): Multiple architecture "moore_fsm" of entity "load_digit_fsm" found in "F:/ESE382-Lab/Lab11/Prelab11/Prelab11/prelab11/src/load_digit_fsm.vhd", "F:/ESE382-Lab/Lab11/Prelab11/Prelab11/prelab11/src/spi_mux_digit_driver.vhd".
# File: F:/ESE382-Lab/Lab11/Prelab11/Prelab11/prelab11/src/load_digit_fsm_tb.vhd
# Compile Entity "load_digit_fsm_tb"
# Compile Architecture "load_digit_fsm_tb" of Entity "load_digit_fsm_tb"
# File: F:/ESE382-Lab/Lab11/Prelab11/Prelab11/prelab11/src/rx_buff_reg.vhd
# Compile Entity "rx_buff_reg"
# Compile Architecture "Behavioral" of Entity "rx_buff_reg"
# Warning: COMP96_0994: rx_buff_reg.vhd : (35, 1): Multiple architecture "Behavioral" of entity "rx_buff_reg" found in "F:/ESE382-Lab/Lab11/Prelab11/Prelab11/prelab11/src/rx_buff_reg.vhd", "F:/ESE382-Lab/Lab11/Prelab11/Prelab11/prelab11/src/spi_mux_digit_driver.vhd".
# File: F:/ESE382-Lab/Lab11/Prelab11/Prelab11/prelab11/src/rx_buff_reg_tb.vhd
# Compile Entity "rx_buff_reg_tb"
# Compile Architecture "rx_buff_reg_tb" of Entity "rx_buff_reg_tb"
# File: F:/ESE382-Lab/Lab11/Prelab11/Prelab11/prelab11/src/slv_spi_rx_shifter.vhd
# Compile Entity "slv_spi_rx_shifter"
# Compile Architecture "slv_spi_rx_shifter" of Entity "slv_spi_rx_shifter"
# Warning: COMP96_0994: slv_spi_rx_shifter.vhd : (38, 1): Multiple architecture "slv_spi_rx_shifter" of entity "slv_spi_rx_shifter" found in "F:/ESE382-Lab/Lab11/Prelab11/Prelab11/prelab11/src/slv_spi_rx_shifter.vhd", "F:/ESE382-Lab/Lab11/Prelab11/Prelab11/prelab11/src/spi_mux_digit_driver.vhd".
# File: F:/ESE382-Lab/Lab11/Prelab11/Prelab11/prelab11/src/spi_digit_driver.vhd
# Compile Entity "edge_det"
# Compile Architecture "moore_fsm" of Entity "edge_det"
# Warning: COMP96_0994: spi_digit_driver.vhd : (38, 1): Multiple architecture "moore_fsm" of entity "edge_det" found in "F:/ESE382-Lab/Lab11/Prelab11/Prelab11/prelab11/src/spi_digit_driver.vhd", "F:/ESE382-Lab/Lab11/Prelab11/Prelab11/prelab11/src/spi_mux_digit_driver.vhd".
# Compile Entity "slv_spi_rx_shifter"
# Compile Architecture "slv_spi_rx_shifter" of Entity "slv_spi_rx_shifter"
# Warning: COMP96_0994: spi_digit_driver.vhd : (107, 1): Multiple architecture "slv_spi_rx_shifter" of entity "slv_spi_rx_shifter" found in "F:/ESE382-Lab/Lab11/Prelab11/Prelab11/prelab11/src/spi_digit_driver.vhd", "F:/ESE382-Lab/Lab11/Prelab11/Prelab11/prelab11/src/spi_mux_digit_driver.vhd".
# Compile Entity "hex_seven"
# Compile Architecture "behavioral" of Entity "hex_seven"
# Warning: COMP96_0994: spi_digit_driver.vhd : (141, 1): Multiple architecture "behavioral" of entity "hex_seven" found in "F:/ESE382-Lab/Lab11/Prelab11/Prelab11/prelab11/src/spi_digit_driver.vhd", "F:/ESE382-Lab/Lab11/Prelab11/Prelab11/prelab11/src/spi_mux_digit_driver.vhd".
# Compile Entity "spi_digit_driver"
# Compile Architecture "spi_digit_driver" of Entity "spi_digit_driver"
# Compile success 0 Errors 11 Warnings  Analysis time :  3.0 [s]
acom -dbg -e 100 -work prelab11 -2008  $dsn/src/spi_digit_driver.vhd
# File: F:/ESE382-Lab/Lab11/Prelab11/Prelab11/prelab11/src/spi_digit_driver.vhd
# Compile Entity "edge_det"
# Compile Architecture "moore_fsm" of Entity "edge_det"
# Compile Entity "slv_spi_rx_shifter"
# Compile Architecture "slv_spi_rx_shifter" of Entity "slv_spi_rx_shifter"
# Compile Entity "hex_seven"
# Compile Architecture "behavioral" of Entity "hex_seven"
# Compile Entity "spi_digit_driver"
# Compile Architecture "spi_digit_driver" of Entity "spi_digit_driver"
# Compile success 0 Errors 0 Warnings  Analysis time :  0.2 [s]
acom -dbg -e 100 -work prelab11 -2008  $dsn/src/slv_spi_rx_shifter.vhd
# File: F:/ESE382-Lab/Lab11/Prelab11/Prelab11/prelab11/src/slv_spi_rx_shifter.vhd
# Compile Entity "slv_spi_rx_shifter"
# Compile Architecture "slv_spi_rx_shifter" of Entity "slv_spi_rx_shifter"
# Compile success 0 Errors 0 Warnings  Analysis time :  0.1 [s]
acom -dbg -e 100 -work prelab11 -2008  $dsn/src/rx_buff_reg.vhd
# File: F:/ESE382-Lab/Lab11/Prelab11/Prelab11/prelab11/src/rx_buff_reg.vhd
# Compile Entity "rx_buff_reg"
# Compile Architecture "Behavioral" of Entity "rx_buff_reg"
# Compile success 0 Errors 0 Warnings  Analysis time :  0.2 [s]
acom -dbg -e 100 -work prelab11 -2008  $dsn/src/load_digit_fsm.vhd
# File: F:/ESE382-Lab/Lab11/Prelab11/Prelab11/prelab11/src/load_digit_fsm.vhd
# Compile Entity "load_digit_fsm"
# Compile Architecture "moore_fsm" of Entity "load_digit_fsm"
# Compile success 0 Errors 0 Warnings  Analysis time :  0.1 [s]
acom -dbg -e 100 -work prelab11 -2008  $dsn/src/hex_seven.vhd
# File: F:/ESE382-Lab/Lab11/Prelab11/Prelab11/prelab11/src/hex_seven.vhd
# Compile Entity "hex_seven"
# Compile Architecture "behavioral" of Entity "hex_seven"
# Compile success 0 Errors 0 Warnings  Analysis time :  0.1 [s]
acom -dbg -e 100 -work prelab11 -2008  $dsn/src/hex_digit_reg.vhd
# File: F:/ESE382-Lab/Lab11/Prelab11/Prelab11/prelab11/src/hex_digit_reg.vhd
# Compile Entity "hex_digit_reg"
# Compile Architecture "behavioral" of Entity "hex_digit_reg"
# Compile success 0 Errors 0 Warnings  Analysis time :  0.1 [s]
acom -dbg -e 100 -work prelab11 -2008  $dsn/src/hex_dig_mux.vhd
# File: F:/ESE382-Lab/Lab11/Prelab11/Prelab11/prelab11/src/hex_dig_mux.vhd
# Compile Entity "hex_dig_mux"
# Compile Architecture "behavioral" of Entity "hex_dig_mux"
# Compile success 0 Errors 0 Warnings  Analysis time :  0.1 [s]
acom -dbg -e 100 -work prelab11 -2008  $dsn/src/edge_det.vhd
# File: F:/ESE382-Lab/Lab11/Prelab11/Prelab11/prelab11/src/edge_det.vhd
# Compile Entity "edge_det"
# Compile Architecture "moore_fsm" of Entity "edge_det"
# Compile success 0 Errors 0 Warnings  Analysis time :  0.1 [s]
acom -dbg -e 100 -work prelab11 -2008  $dsn/src/decoder_2to4.vhd
# File: F:/ESE382-Lab/Lab11/Prelab11/Prelab11/prelab11/src/decoder_2to4.vhd
# Compile Entity "decoder_2to4"
# Compile Architecture "dataflow" of Entity "decoder_2to4"
# Compile success 0 Errors 0 Warnings  Analysis time :  0.1 [s]
# ELBREAD: Elaboration process.
# ELBREAD: Elaboration time 0.0 [s].
asim -O5 +access +r +m+rx_buff_reg_tb rx_buff_reg_tb rx_buff_reg_tb
# ELBREAD: Elaboration process.
# ELBREAD: Elaboration time 0.0 [s].
# VSIM: Stack memory: 32MB
# VSIM: Retval memory: 32MB
# 
# KERNEL: Main thread initiated.
# KERNEL: Kernel process initialization phase.
# ELAB2: Elaboration final pass...
# ELAB2: Create instances ...
# KERNEL: Time resolution set to 1ps.
# ELAB2: Create instances complete.
# SLP: Started
# SLP: Elaboration phase ...
# SLP: Elaboration phase ... skipped, nothing to simulate in SLP mode : 0.0 [s]
# SLP: Finished : 0.0 [s]
# ELAB2: Elaboration final pass complete - time: 0.1 [s].
# KERNEL: Warning: You are using the Active-HDL EDU Edition. The performance of simulation is running at a reduced rate.
# KERNEL: Warning: Contact Aldec for available upgrade options - sales@aldec.com.
# KERNEL: Kernel process initialization done.
# Allocation: Simulator allocated 5443 kB (elbread=427 elab2=4875 kernel=141 sdf=0)
# KERNEL: ASDB file was created in location F:\ESE382-Lab\Lab11\Prelab11\Prelab11\prelab11\src\wave.asdb
#  8:38 AM, Wednesday, May 1, 2024
#  Simulation has been initialized
# 5 object(s) traced.
# Waveform file 'untitled.awc' connected to 'F:/ESE382-Lab/Lab11/Prelab11/Prelab11/prelab11/src/wave.asdb'.
run 1100 ns
# KERNEL: stopped at time: 1100 ns
endsim
# VSIM: Simulation has finished.
# ELBREAD: Elaboration process.
# ELBREAD: Elaboration time 0.0 [s].
asim -O5 +access +r +m+hex_digit_reg_tb hex_digit_reg_tb hex_digit_reg_tb
# ELBREAD: Elaboration process.
# ELBREAD: Elaboration time 0.0 [s].
# VSIM: Stack memory: 32MB
# VSIM: Retval memory: 32MB
# 
# KERNEL: Main thread initiated.
# KERNEL: Kernel process initialization phase.
# ELAB2: Elaboration final pass...
# ELAB2: Create instances ...
# KERNEL: Time resolution set to 1ps.
# ELAB2: Create instances complete.
# SLP: Started
# SLP: Elaboration phase ...
# SLP: Elaboration phase ... skipped, nothing to simulate in SLP mode : 0.0 [s]
# SLP: Finished : 0.0 [s]
# ELAB2: Elaboration final pass complete - time: 0.0 [s].
# KERNEL: Warning: You are using the Active-HDL EDU Edition. The performance of simulation is running at a reduced rate.
# KERNEL: Warning: Contact Aldec for available upgrade options - sales@aldec.com.
# KERNEL: Kernel process initialization done.
# Allocation: Simulator allocated 5443 kB (elbread=427 elab2=4875 kernel=141 sdf=0)
# KERNEL: ASDB file was created in location F:\ESE382-Lab\Lab11\Prelab11\Prelab11\prelab11\src\wave.asdb
#  8:39 AM, Wednesday, May 1, 2024
#  Simulation has been initialized
# Waveform file 'untitled.awc' connected to 'F:/ESE382-Lab/Lab11/Prelab11/Prelab11/prelab11/src/wave.asdb'.
# 6 object(s) traced.
# Waveform file 'untitled.awc' connected to 'F:/ESE382-Lab/Lab11/Prelab11/Prelab11/prelab11/src/wave.asdb'.
run 1100 ns
# RUNTIME: Info: RUNTIME_0142 hex_digit_reg_tb.vhd (88): finish called.
# KERNEL: Time: 1040 ns,  Iteration: 0,  Instance: /hex_digit_reg_tb,  Process: tb.
# KERNEL: stopped at time: 1040 ns
# VSIM: Simulation has finished. There are no more test vectors to simulate.
endsim
# VSIM: Simulation has finished.
# ELBREAD: Elaboration process.
# ELBREAD: Elaboration time 0.0 [s].
asim -O5 +access +r +m+decoder_2to4_tb decoder_2to4_tb decoder_2to4_tb
# ELBREAD: Elaboration process.
# ELBREAD: Elaboration time 0.0 [s].
# VSIM: Stack memory: 32MB
# VSIM: Retval memory: 32MB
# 
# KERNEL: Main thread initiated.
# KERNEL: Kernel process initialization phase.
# ELAB2: Elaboration final pass...
# ELAB2: Create instances ...
# KERNEL: Time resolution set to 1ps.
# ELAB2: Create instances complete.
# SLP: Started
# SLP: Elaboration phase ...
# SLP: Elaboration phase ... skipped, nothing to simulate in SLP mode : 0.0 [s]
# SLP: Finished : 0.0 [s]
# ELAB2: Elaboration final pass complete - time: 0.0 [s].
# KERNEL: Warning: You are using the Active-HDL EDU Edition. The performance of simulation is running at a reduced rate.
# KERNEL: Warning: Contact Aldec for available upgrade options - sales@aldec.com.
# KERNEL: Kernel process initialization done.
# Allocation: Simulator allocated 5441 kB (elbread=427 elab2=4874 kernel=140 sdf=0)
# KERNEL: ASDB file was created in location F:\ESE382-Lab\Lab11\Prelab11\Prelab11\prelab11\src\wave.asdb
#  8:39 AM, Wednesday, May 1, 2024
#  Simulation has been initialized
# Waveform file 'untitled.awc' connected to 'F:/ESE382-Lab/Lab11/Prelab11/Prelab11/prelab11/src/wave.asdb'.
# Waveform file 'untitled.awc' connected to 'F:/ESE382-Lab/Lab11/Prelab11/Prelab11/prelab11/src/wave.asdb'.
# 3 object(s) traced.
# Waveform file 'untitled.awc' connected to 'F:/ESE382-Lab/Lab11/Prelab11/Prelab11/prelab11/src/wave.asdb'.
run 1100 ns
# KERNEL: WARNING: NUMERIC_STD."=": metavalue detected, returning FALSE
# KERNEL: Time: 0 ps,  Iteration: 0,  Instance: /decoder_2to4_tb/UUT,  Process: line__35.
# KERNEL: WARNING: NUMERIC_STD."=": metavalue detected, returning FALSE
# KERNEL: Time: 0 ps,  Iteration: 0,  Instance: /decoder_2to4_tb/UUT,  Process: line__35.
# KERNEL: WARNING: NUMERIC_STD."=": metavalue detected, returning FALSE
# KERNEL: Time: 0 ps,  Iteration: 0,  Instance: /decoder_2to4_tb/UUT,  Process: line__35.
# KERNEL: WARNING: NUMERIC_STD."=": metavalue detected, returning FALSE
# KERNEL: Time: 0 ps,  Iteration: 0,  Instance: /decoder_2to4_tb/UUT,  Process: line__35.
# RUNTIME: Info: RUNTIME_0142 decoder_2to4_tb.vhd (69): finish called.
# KERNEL: Time: 80 ns,  Iteration: 0,  Instance: /decoder_2to4_tb,  Process: tb.
# KERNEL: stopped at time: 80 ns
# VSIM: Simulation has finished. There are no more test vectors to simulate.
endsim
# VSIM: Simulation has finished.
# ELBREAD: Elaboration process.
# ELBREAD: Elaboration time 0.0 [s].
asim -O5 +access +r +m+load_digit_fsm_tb load_digit_fsm_tb load_digit_fsm_tb
# ELBREAD: Elaboration process.
# ELBREAD: Elaboration time 0.0 [s].
# VSIM: Stack memory: 32MB
# VSIM: Retval memory: 32MB
# 
# KERNEL: Main thread initiated.
# KERNEL: Kernel process initialization phase.
# ELAB2: Elaboration final pass...
# ELAB2: Create instances ...
# KERNEL: Time resolution set to 1ps.
# ELAB2: Create instances complete.
# SLP: Started
# SLP: Elaboration phase ...
# SLP: Elaboration phase ... skipped, nothing to simulate in SLP mode : 0.0 [s]
# SLP: Finished : 0.0 [s]
# ELAB2: Elaboration final pass complete - time: 0.0 [s].
# KERNEL: Warning: You are using the Active-HDL EDU Edition. The performance of simulation is running at a reduced rate.
# KERNEL: Warning: Contact Aldec for available upgrade options - sales@aldec.com.
# KERNEL: Kernel process initialization done.
# Allocation: Simulator allocated 6469 kB (elbread=427 elab2=5900 kernel=142 sdf=0)
# KERNEL: ASDB file was created in location F:\ESE382-Lab\Lab11\Prelab11\Prelab11\prelab11\src\wave.asdb
#  8:40 AM, Wednesday, May 1, 2024
#  Simulation has been initialized
# Waveform file 'untitled.awc' connected to 'F:/ESE382-Lab/Lab11/Prelab11/Prelab11/prelab11/src/wave.asdb'.
# Waveform file 'untitled.awc' connected to 'F:/ESE382-Lab/Lab11/Prelab11/Prelab11/prelab11/src/wave.asdb'.
# Waveform file 'untitled.awc' connected to 'F:/ESE382-Lab/Lab11/Prelab11/Prelab11/prelab11/src/wave.asdb'.
# 5 object(s) traced.
# Waveform file 'untitled.awc' connected to 'F:/ESE382-Lab/Lab11/Prelab11/Prelab11/prelab11/src/wave.asdb'.
run 1100 ns
# KERNEL: stopped at time: 1100 ns
# 1 object(s) traced.
# 1 object(s) traced.
restart
# ELBREAD: Elaboration process.
# ELBREAD: Elaboration time 0.0 [s].
# 
# KERNEL: Main thread initiated.
# KERNEL: Kernel process initialization phase.
# ELAB2: Elaboration final pass...
# ELAB2: Create instances ...
# KERNEL: Time resolution set to 1ps.
# ELAB2: Create instances complete.
# SLP: Started
# SLP: Elaboration phase ...
# SLP: Elaboration phase ... skipped, nothing to simulate in SLP mode : 0.0 [s]
# SLP: Finished : 0.0 [s]
# ELAB2: Elaboration final pass complete - time: 0.0 [s].
# KERNEL: Warning: You are using the Active-HDL EDU Edition. The performance of simulation is running at a reduced rate.
# KERNEL: Warning: Contact Aldec for available upgrade options - sales@aldec.com.
# KERNEL: Kernel process initialization done.
# Allocation: Simulator allocated 6469 kB (elbread=427 elab2=5900 kernel=142 sdf=0)
# KERNEL: ASDB file was created in location F:\ESE382-Lab\Lab11\Prelab11\Prelab11\prelab11\src\wave.asdb
#  8:41 AM, Wednesday, May 1, 2024
#  Simulation has been initialized
# Waveform file 'untitled.awc' connected to 'F:/ESE382-Lab/Lab11/Prelab11/Prelab11/prelab11/src/wave.asdb'.
# Waveform file 'untitled.awc' connected to 'F:/ESE382-Lab/Lab11/Prelab11/Prelab11/prelab11/src/wave.asdb'.
# Waveform file 'untitled.awc' connected to 'F:/ESE382-Lab/Lab11/Prelab11/Prelab11/prelab11/src/wave.asdb'.
# Waveform file 'untitled.awc' connected to 'F:/ESE382-Lab/Lab11/Prelab11/Prelab11/prelab11/src/wave.asdb'.
run 1100 ns
# KERNEL: stopped at time: 1100 ns
endsim
# VSIM: Simulation has finished.
# ELBREAD: Elaboration process.
# ELBREAD: Elaboration time 0.0 [s].
asim -O5 +access +r +m+hex_dig_mux_tb hex_dig_mux_tb hex_dig_mux_tb
# ELBREAD: Elaboration process.
# ELBREAD: Elaboration time 0.0 [s].
# VSIM: Stack memory: 32MB
# VSIM: Retval memory: 32MB
# 
# KERNEL: Main thread initiated.
# KERNEL: Kernel process initialization phase.
# ELAB2: Elaboration final pass...
# ELAB2: Create instances ...
# KERNEL: Time resolution set to 1ps.
# ELAB2: Create instances complete.
# SLP: Started
# SLP: Elaboration phase ...
# SLP: Elaboration phase ... skipped, nothing to simulate in SLP mode : 0.0 [s]
# SLP: Finished : 0.0 [s]
# ELAB2: Elaboration final pass complete - time: 0.0 [s].
# KERNEL: Warning: You are using the Active-HDL EDU Edition. The performance of simulation is running at a reduced rate.
# KERNEL: Warning: Contact Aldec for available upgrade options - sales@aldec.com.
# KERNEL: Kernel process initialization done.
# Allocation: Simulator allocated 5440 kB (elbread=427 elab2=4873 kernel=139 sdf=0)
# KERNEL: ASDB file was created in location F:\ESE382-Lab\Lab11\Prelab11\Prelab11\prelab11\src\wave.asdb
#  8:42 AM, Wednesday, May 1, 2024
#  Simulation has been initialized
# Waveform file 'untitled.awc' connected to 'F:/ESE382-Lab/Lab11/Prelab11/Prelab11/prelab11/src/wave.asdb'.
# Waveform file 'untitled.awc' connected to 'F:/ESE382-Lab/Lab11/Prelab11/Prelab11/prelab11/src/wave.asdb'.
# Waveform file 'untitled.awc' connected to 'F:/ESE382-Lab/Lab11/Prelab11/Prelab11/prelab11/src/wave.asdb'.
# Waveform file 'untitled.awc' connected to 'F:/ESE382-Lab/Lab11/Prelab11/Prelab11/prelab11/src/wave.asdb'.
# 6 object(s) traced.
# Waveform file 'untitled.awc' connected to 'F:/ESE382-Lab/Lab11/Prelab11/Prelab11/prelab11/src/wave.asdb'.
run 1100 ns
# RUNTIME: Info: RUNTIME_0142 hex_dig_mux_tb.vhd (78): finish called.
# KERNEL: Time: 80 ns,  Iteration: 0,  Instance: /hex_dig_mux_tb,  Process: tb.
# KERNEL: stopped at time: 80 ns
# VSIM: Simulation has finished. There are no more test vectors to simulate.
endsim
# VSIM: Simulation has finished.
# ELBREAD: Elaboration process.
# ELBREAD: Elaboration time 0.0 [s].
asim -O5 +access +r +m+spi_mux_digit_driver_tb spi_mux_digit_driver_tb TB_ARCHITECTURE
# ELBREAD: Elaboration process.
# ELBREAD: Elaboration time 0.0 [s].
# VSIM: Stack memory: 32MB
# VSIM: Retval memory: 32MB
# 
# KERNEL: Main thread initiated.
# KERNEL: Kernel process initialization phase.
# ELAB2: Elaboration final pass...
# ELAB2: Create instances ...
# KERNEL: Time resolution set to 1ps.
# ELAB2: Create instances complete.
# SLP: Started
# SLP: Elaboration phase ...
# SLP: Elaboration phase ... skipped, nothing to simulate in SLP mode : 0.0 [s]
# SLP: Finished : 0.0 [s]
# ELAB2: Elaboration final pass complete - time: 0.0 [s].
# KERNEL: Warning: You are using the Active-HDL EDU Edition. The performance of simulation is running at a reduced rate.
# KERNEL: Warning: Contact Aldec for available upgrade options - sales@aldec.com.
# KERNEL: Kernel process initialization done.
# Allocation: Simulator allocated 6508 kB (elbread=427 elab2=5933 kernel=148 sdf=0)
# KERNEL: ASDB file was created in location F:\ESE382-Lab\Lab11\Prelab11\Prelab11\prelab11\src\wave.asdb
#  8:43 AM, Wednesday, May 1, 2024
#  Simulation has been initialized
# Waveform file 'untitled.awc' connected to 'F:/ESE382-Lab/Lab11/Prelab11/Prelab11/prelab11/src/wave.asdb'.
# Waveform file 'untitled.awc' connected to 'F:/ESE382-Lab/Lab11/Prelab11/Prelab11/prelab11/src/wave.asdb'.
# Waveform file 'untitled.awc' connected to 'F:/ESE382-Lab/Lab11/Prelab11/Prelab11/prelab11/src/wave.asdb'.
# Waveform file 'untitled.awc' connected to 'F:/ESE382-Lab/Lab11/Prelab11/Prelab11/prelab11/src/wave.asdb'.
# Waveform file 'untitled.awc' connected to 'F:/ESE382-Lab/Lab11/Prelab11/Prelab11/prelab11/src/wave.asdb'.
# 8 object(s) traced.
run 5ms
# KERNEL: WARNING: NUMERIC_STD."=": metavalue detected, returning FALSE
# KERNEL: Time: 0 ps,  Iteration: 0,  Instance: /spi_mux_digit_driver_tb/UUT/u5,  Process: line__35.
# KERNEL: WARNING: NUMERIC_STD."=": metavalue detected, returning FALSE
# KERNEL: Time: 0 ps,  Iteration: 0,  Instance: /spi_mux_digit_driver_tb/UUT/u5,  Process: line__35.
# KERNEL: WARNING: NUMERIC_STD."=": metavalue detected, returning FALSE
# KERNEL: Time: 0 ps,  Iteration: 0,  Instance: /spi_mux_digit_driver_tb/UUT/u5,  Process: line__35.
# KERNEL: WARNING: NUMERIC_STD."=": metavalue detected, returning FALSE
# KERNEL: Time: 0 ps,  Iteration: 0,  Instance: /spi_mux_digit_driver_tb/UUT/u5,  Process: line__35.
# RUNTIME: Info: RUNTIME_0142 spi_mux_digit_driver_TB.vhd (100): finish called.
# KERNEL: Time: 3328 us,  Iteration: 0,  Instance: /spi_mux_digit_driver_tb,  Process: send_spi_byte.
# KERNEL: stopped at time: 3328 us
# VSIM: Simulation has finished. There are no more test vectors to simulate.
endsim
# VSIM: Simulation has finished.
# ELBREAD: Elaboration process.
# ELBREAD: Elaboration time 0.0 [s].
asim -O5 +access +r +m+rx_buff_reg_tb rx_buff_reg_tb rx_buff_reg_tb
# ELBREAD: Elaboration process.
# ELBREAD: Elaboration time 0.0 [s].
# VSIM: Stack memory: 32MB
# VSIM: Retval memory: 32MB
# 
# KERNEL: Main thread initiated.
# KERNEL: Kernel process initialization phase.
# ELAB2: Elaboration final pass...
# ELAB2: Create instances ...
# KERNEL: Time resolution set to 1ps.
# ELAB2: Create instances complete.
# SLP: Started
# SLP: Elaboration phase ...
# SLP: Elaboration phase ... skipped, nothing to simulate in SLP mode : 0.0 [s]
# SLP: Finished : 0.0 [s]
# ELAB2: Elaboration final pass complete - time: 0.0 [s].
# KERNEL: Warning: You are using the Active-HDL EDU Edition. The performance of simulation is running at a reduced rate.
# KERNEL: Warning: Contact Aldec for available upgrade options - sales@aldec.com.
# KERNEL: Kernel process initialization done.
# Allocation: Simulator allocated 5443 kB (elbread=427 elab2=4875 kernel=141 sdf=0)
# KERNEL: ASDB file was created in location F:\ESE382-Lab\Lab11\Prelab11\Prelab11\prelab11\src\wave.asdb
#  8:44 AM, Wednesday, May 1, 2024
#  Simulation has been initialized
# Waveform file 'untitled.awc' connected to 'F:/ESE382-Lab/Lab11/Prelab11/Prelab11/prelab11/src/wave.asdb'.
# Waveform file 'untitled.awc' connected to 'F:/ESE382-Lab/Lab11/Prelab11/Prelab11/prelab11/src/wave.asdb'.
# Waveform file 'untitled.awc' connected to 'F:/ESE382-Lab/Lab11/Prelab11/Prelab11/prelab11/src/wave.asdb'.
# Waveform file 'untitled.awc' connected to 'F:/ESE382-Lab/Lab11/Prelab11/Prelab11/prelab11/src/wave.asdb'.
# Waveform file 'untitled.awc' connected to 'F:/ESE382-Lab/Lab11/Prelab11/Prelab11/prelab11/src/wave.asdb'.
# 5 object(s) traced.
run 1100ns
# KERNEL: stopped at time: 1100 ns
endsim
# VSIM: Simulation has finished.
# Waveform file 'F:/ESE382-Lab/Lab11/Prelab11/Prelab11/prelab11/src/task1.awc' connected to 'F:/ESE382-Lab/Lab11/Prelab11/Prelab11/prelab11/src/task1.asdb'.
# Adding file F:\ESE382-Lab\Lab11\Prelab11\Prelab11\prelab11\src\task1.asdb ... Done
# Adding file F:\ESE382-Lab\Lab11\Prelab11\Prelab11\prelab11\src\task1.awc ... Done
# ELBREAD: Elaboration process.
# ELBREAD: Elaboration time 0.0 [s].
asim -O5 +access +r +m+hex_digit_reg_tb hex_digit_reg_tb hex_digit_reg_tb
# ELBREAD: Elaboration process.
# ELBREAD: Elaboration time 0.0 [s].
# VSIM: Stack memory: 32MB
# VSIM: Retval memory: 32MB
# 
# KERNEL: Main thread initiated.
# KERNEL: Kernel process initialization phase.
# ELAB2: Elaboration final pass...
# ELAB2: Create instances ...
# KERNEL: Time resolution set to 1ps.
# ELAB2: Create instances complete.
# SLP: Started
# SLP: Elaboration phase ...
# SLP: Elaboration phase ... skipped, nothing to simulate in SLP mode : 0.0 [s]
# SLP: Finished : 0.0 [s]
# ELAB2: Elaboration final pass complete - time: 0.0 [s].
# KERNEL: Warning: You are using the Active-HDL EDU Edition. The performance of simulation is running at a reduced rate.
# KERNEL: Warning: Contact Aldec for available upgrade options - sales@aldec.com.
# KERNEL: Kernel process initialization done.
# Allocation: Simulator allocated 5443 kB (elbread=427 elab2=4875 kernel=141 sdf=0)
# KERNEL: ASDB file was created in location F:\ESE382-Lab\Lab11\Prelab11\Prelab11\prelab11\src\wave.asdb
#  8:44 AM, Wednesday, May 1, 2024
#  Simulation has been initialized
# Waveform file 'untitled.awc' connected to 'F:/ESE382-Lab/Lab11/Prelab11/Prelab11/prelab11/src/wave.asdb'.
# Waveform file 'untitled.awc' connected to 'F:/ESE382-Lab/Lab11/Prelab11/Prelab11/prelab11/src/wave.asdb'.
# Waveform file 'untitled.awc' connected to 'F:/ESE382-Lab/Lab11/Prelab11/Prelab11/prelab11/src/wave.asdb'.
# Waveform file 'untitled.awc' connected to 'F:/ESE382-Lab/Lab11/Prelab11/Prelab11/prelab11/src/wave.asdb'.
# 6 object(s) traced.
run 1100ns
# RUNTIME: Info: RUNTIME_0142 hex_digit_reg_tb.vhd (88): finish called.
# KERNEL: Time: 1040 ns,  Iteration: 0,  Instance: /hex_digit_reg_tb,  Process: tb.
# KERNEL: stopped at time: 1040 ns
# VSIM: Simulation has finished. There are no more test vectors to simulate.
# Waveform file 'F:/ESE382-Lab/Lab11/Prelab11/Prelab11/prelab11/src/task2.awc' connected to 'F:/ESE382-Lab/Lab11/Prelab11/Prelab11/prelab11/src/task2.asdb'.
# Adding file F:\ESE382-Lab\Lab11\Prelab11\Prelab11\prelab11\src\task2.asdb ... Done
# Adding file F:\ESE382-Lab\Lab11\Prelab11\Prelab11\prelab11\src\task2.awc ... Done
endsim
# VSIM: Simulation has finished.
# ELBREAD: Elaboration process.
# ELBREAD: Elaboration time 0.0 [s].
asim -O5 +access +r +m+decoder_2to4_tb decoder_2to4_tb decoder_2to4_tb
# ELBREAD: Elaboration process.
# ELBREAD: Elaboration time 0.0 [s].
# VSIM: Stack memory: 32MB
# VSIM: Retval memory: 32MB
# 
# KERNEL: Main thread initiated.
# KERNEL: Kernel process initialization phase.
# ELAB2: Elaboration final pass...
# ELAB2: Create instances ...
# KERNEL: Time resolution set to 1ps.
# ELAB2: Create instances complete.
# SLP: Started
# SLP: Elaboration phase ...
# SLP: Elaboration phase ... skipped, nothing to simulate in SLP mode : 0.0 [s]
# SLP: Finished : 0.0 [s]
# ELAB2: Elaboration final pass complete - time: 0.0 [s].
# KERNEL: Warning: You are using the Active-HDL EDU Edition. The performance of simulation is running at a reduced rate.
# KERNEL: Warning: Contact Aldec for available upgrade options - sales@aldec.com.
# KERNEL: Kernel process initialization done.
# Allocation: Simulator allocated 5441 kB (elbread=427 elab2=4874 kernel=140 sdf=0)
# KERNEL: ASDB file was created in location F:\ESE382-Lab\Lab11\Prelab11\Prelab11\prelab11\src\wave.asdb
#  8:45 AM, Wednesday, May 1, 2024
#  Simulation has been initialized
# Waveform file 'untitled.awc' connected to 'F:/ESE382-Lab/Lab11/Prelab11/Prelab11/prelab11/src/wave.asdb'.
# Waveform file 'untitled.awc' connected to 'F:/ESE382-Lab/Lab11/Prelab11/Prelab11/prelab11/src/wave.asdb'.
# Waveform file 'untitled.awc' connected to 'F:/ESE382-Lab/Lab11/Prelab11/Prelab11/prelab11/src/wave.asdb'.
# 3 object(s) traced.
run 1100ns
# KERNEL: WARNING: NUMERIC_STD."=": metavalue detected, returning FALSE
# KERNEL: Time: 0 ps,  Iteration: 0,  Instance: /decoder_2to4_tb/UUT,  Process: line__35.
# KERNEL: WARNING: NUMERIC_STD."=": metavalue detected, returning FALSE
# KERNEL: Time: 0 ps,  Iteration: 0,  Instance: /decoder_2to4_tb/UUT,  Process: line__35.
# KERNEL: WARNING: NUMERIC_STD."=": metavalue detected, returning FALSE
# KERNEL: Time: 0 ps,  Iteration: 0,  Instance: /decoder_2to4_tb/UUT,  Process: line__35.
# KERNEL: WARNING: NUMERIC_STD."=": metavalue detected, returning FALSE
# KERNEL: Time: 0 ps,  Iteration: 0,  Instance: /decoder_2to4_tb/UUT,  Process: line__35.
# RUNTIME: Info: RUNTIME_0142 decoder_2to4_tb.vhd (69): finish called.
# KERNEL: Time: 80 ns,  Iteration: 0,  Instance: /decoder_2to4_tb,  Process: tb.
# KERNEL: stopped at time: 80 ns
# VSIM: Simulation has finished. There are no more test vectors to simulate.
# Waveform file 'F:/ESE382-Lab/Lab11/Prelab11/Prelab11/prelab11/src/task3.awc' connected to 'F:/ESE382-Lab/Lab11/Prelab11/Prelab11/prelab11/src/task3.asdb'.
# Adding file F:\ESE382-Lab\Lab11\Prelab11\Prelab11\prelab11\src\task3.asdb ... Done
# Adding file F:\ESE382-Lab\Lab11\Prelab11\Prelab11\prelab11\src\task3.awc ... Done
endsim
# VSIM: Simulation has finished.
# ELBREAD: Elaboration process.
# ELBREAD: Elaboration time 0.0 [s].
asim -O5 +access +r +m+load_digit_fsm_tb load_digit_fsm_tb load_digit_fsm_tb
# ELBREAD: Elaboration process.
# ELBREAD: Elaboration time 0.0 [s].
# VSIM: Stack memory: 32MB
# VSIM: Retval memory: 32MB
# 
# KERNEL: Main thread initiated.
# KERNEL: Kernel process initialization phase.
# ELAB2: Elaboration final pass...
# ELAB2: Create instances ...
# KERNEL: Time resolution set to 1ps.
# ELAB2: Create instances complete.
# SLP: Started
# SLP: Elaboration phase ...
# SLP: Elaboration phase ... skipped, nothing to simulate in SLP mode : 0.0 [s]
# SLP: Finished : 0.0 [s]
# ELAB2: Elaboration final pass complete - time: 0.0 [s].
# KERNEL: Warning: You are using the Active-HDL EDU Edition. The performance of simulation is running at a reduced rate.
# KERNEL: Warning: Contact Aldec for available upgrade options - sales@aldec.com.
# KERNEL: Kernel process initialization done.
# Allocation: Simulator allocated 6469 kB (elbread=427 elab2=5900 kernel=142 sdf=0)
# KERNEL: ASDB file was created in location F:\ESE382-Lab\Lab11\Prelab11\Prelab11\prelab11\src\wave.asdb
#  8:46 AM, Wednesday, May 1, 2024
#  Simulation has been initialized
# Waveform file 'untitled.awc' connected to 'F:/ESE382-Lab/Lab11/Prelab11/Prelab11/prelab11/src/wave.asdb'.
# Waveform file 'untitled.awc' connected to 'F:/ESE382-Lab/Lab11/Prelab11/Prelab11/prelab11/src/wave.asdb'.
# 5 object(s) traced.
# 1 object(s) traced.
# 1 object(s) traced.
run 1100ns
# KERNEL: stopped at time: 1100 ns
# Waveform file 'F:/ESE382-Lab/Lab11/Prelab11/Prelab11/prelab11/src/task4.awc' connected to 'F:/ESE382-Lab/Lab11/Prelab11/Prelab11/prelab11/src/task4.asdb'.
# Adding file F:\ESE382-Lab\Lab11\Prelab11\Prelab11\prelab11\src\task4.asdb ... Done
# Adding file F:\ESE382-Lab\Lab11\Prelab11\Prelab11\prelab11\src\task4.awc ... Done
endsim
# VSIM: Simulation has finished.
# ELBREAD: Elaboration process.
# ELBREAD: Elaboration time 0.0 [s].
asim -O5 +access +r +m+hex_dig_mux_tb hex_dig_mux_tb hex_dig_mux_tb
# ELBREAD: Elaboration process.
# ELBREAD: Elaboration time 0.0 [s].
# VSIM: Stack memory: 32MB
# VSIM: Retval memory: 32MB
# 
# KERNEL: Main thread initiated.
# KERNEL: Kernel process initialization phase.
# ELAB2: Elaboration final pass...
# ELAB2: Create instances ...
# KERNEL: Time resolution set to 1ps.
# ELAB2: Create instances complete.
# SLP: Started
# SLP: Elaboration phase ...
# SLP: Elaboration phase ... skipped, nothing to simulate in SLP mode : 0.0 [s]
# SLP: Finished : 0.0 [s]
# ELAB2: Elaboration final pass complete - time: 0.0 [s].
# KERNEL: Warning: You are using the Active-HDL EDU Edition. The performance of simulation is running at a reduced rate.
# KERNEL: Warning: Contact Aldec for available upgrade options - sales@aldec.com.
# KERNEL: Kernel process initialization done.
# Allocation: Simulator allocated 5440 kB (elbread=427 elab2=4873 kernel=139 sdf=0)
# KERNEL: ASDB file was created in location F:\ESE382-Lab\Lab11\Prelab11\Prelab11\prelab11\src\wave.asdb
#  8:47 AM, Wednesday, May 1, 2024
#  Simulation has been initialized
# Waveform file 'untitled.awc' connected to 'F:/ESE382-Lab/Lab11/Prelab11/Prelab11/prelab11/src/wave.asdb'.
# 6 object(s) traced.
run 1100ns
# RUNTIME: Info: RUNTIME_0142 hex_dig_mux_tb.vhd (78): finish called.
# KERNEL: Time: 80 ns,  Iteration: 0,  Instance: /hex_dig_mux_tb,  Process: tb.
# KERNEL: stopped at time: 80 ns
# VSIM: Simulation has finished. There are no more test vectors to simulate.
# Waveform file 'F:/ESE382-Lab/Lab11/Prelab11/Prelab11/prelab11/src/task5.awc' connected to 'F:/ESE382-Lab/Lab11/Prelab11/Prelab11/prelab11/src/task5.asdb'.
# Adding file F:\ESE382-Lab\Lab11\Prelab11\Prelab11\prelab11\src\task5.asdb ... Done
# Adding file F:\ESE382-Lab\Lab11\Prelab11\Prelab11\prelab11\src\task5.awc ... Done
# ELBREAD: Elaboration process.
# ELBREAD: Elaboration time 0.0 [s].
asim -O5 +access +r +m+spi_mux_digit_driver_tb spi_mux_digit_driver_tb TB_ARCHITECTURE
# ELBREAD: Elaboration process.
# ELBREAD: Elaboration time 0.0 [s].
# VSIM: Stack memory: 32MB
# VSIM: Retval memory: 32MB
# 
# KERNEL: Main thread initiated.
# KERNEL: Kernel process initialization phase.
# ELAB2: Elaboration final pass...
# ELAB2: Create instances ...
# KERNEL: Time resolution set to 1ps.
# ELAB2: Create instances complete.
# SLP: Started
# SLP: Elaboration phase ...
# SLP: Elaboration phase ... skipped, nothing to simulate in SLP mode : 0.0 [s]
# SLP: Finished : 0.0 [s]
# ELAB2: Elaboration final pass complete - time: 0.0 [s].
# KERNEL: Warning: You are using the Active-HDL EDU Edition. The performance of simulation is running at a reduced rate.
# KERNEL: Warning: Contact Aldec for available upgrade options - sales@aldec.com.
# KERNEL: Kernel process initialization done.
# Allocation: Simulator allocated 6508 kB (elbread=427 elab2=5933 kernel=148 sdf=0)
# KERNEL: ASDB file was created in location F:\ESE382-Lab\Lab11\Prelab11\Prelab11\prelab11\src\wave.asdb
#  8:47 AM, Wednesday, May 1, 2024
#  Simulation has been initialized
# 8 object(s) traced.
# Waveform file 'untitled.awc' connected to 'F:/ESE382-Lab/Lab11/Prelab11/Prelab11/prelab11/src/wave.asdb'.
run 5ms
# KERNEL: WARNING: NUMERIC_STD."=": metavalue detected, returning FALSE
# KERNEL: Time: 0 ps,  Iteration: 0,  Instance: /spi_mux_digit_driver_tb/UUT/u5,  Process: line__35.
# KERNEL: WARNING: NUMERIC_STD."=": metavalue detected, returning FALSE
# KERNEL: Time: 0 ps,  Iteration: 0,  Instance: /spi_mux_digit_driver_tb/UUT/u5,  Process: line__35.
# KERNEL: WARNING: NUMERIC_STD."=": metavalue detected, returning FALSE
# KERNEL: Time: 0 ps,  Iteration: 0,  Instance: /spi_mux_digit_driver_tb/UUT/u5,  Process: line__35.
# KERNEL: WARNING: NUMERIC_STD."=": metavalue detected, returning FALSE
# KERNEL: Time: 0 ps,  Iteration: 0,  Instance: /spi_mux_digit_driver_tb/UUT/u5,  Process: line__35.
# RUNTIME: Info: RUNTIME_0142 spi_mux_digit_driver_TB.vhd (100): finish called.
# KERNEL: Time: 3328 us,  Iteration: 0,  Instance: /spi_mux_digit_driver_tb,  Process: send_spi_byte.
# KERNEL: stopped at time: 3328 us
# VSIM: Simulation has finished. There are no more test vectors to simulate.
# Waveform file 'F:/ESE382-Lab/Lab11/Prelab11/Prelab11/prelab11/src/task6.awc' connected to 'F:/ESE382-Lab/Lab11/Prelab11/Prelab11/prelab11/src/task6.asdb'.
# Adding file F:\ESE382-Lab\Lab11\Prelab11\Prelab11\prelab11\src\task6.asdb ... Done
# Adding file F:\ESE382-Lab\Lab11\Prelab11\Prelab11\prelab11\src\task6.awc ... Done
endsim
# VSIM: Simulation has finished.
acom -dbg -e 100 -work prelab11 -2008  $dsn/src/spi_mux_digit_driver.vhd
# File: F:/ESE382-Lab/Lab11/Prelab11/Prelab11/prelab11/src/spi_mux_digit_driver.vhd
# Compile Entity "slv_spi_rx_shifter"
# Compile Architecture "slv_spi_rx_shifter" of Entity "slv_spi_rx_shifter"
# Compile Entity "edge_det"
# Compile Architecture "moore_fsm" of Entity "edge_det"
# Compile Entity "rx_buff_reg"
# Compile Architecture "Behavioral" of Entity "rx_buff_reg"
# Compile Entity "hex_digit_reg"
# Compile Architecture "behavioral" of Entity "hex_digit_reg"
# Compile Entity "decoder_2to4"
# Compile Architecture "dataflow" of Entity "decoder_2to4"
# Compile Entity "load_digit_fsm"
# Compile Architecture "moore_fsm" of Entity "load_digit_fsm"
# Compile Entity "hex_dig_mux"
# Compile Architecture "behavioral" of Entity "hex_dig_mux"
# Compile Entity "hex_seven"
# Compile Architecture "behavioral" of Entity "hex_seven"
# Compile Entity "spi_mux_digit_driver"
# Compile Architecture "spi_mux_digit_driver" of Entity "spi_mux_digit_driver"
# Compile success 0 Errors 0 Warnings  Analysis time :  1.0 [s]
acom -dbg -e 100 -work prelab11 -2008  $dsn/src/spi_mux_digit_driver.vhd
# File: F:/ESE382-Lab/Lab11/Prelab11/Prelab11/prelab11/src/spi_mux_digit_driver.vhd
# Compile Entity "slv_spi_rx_shifter"
# Compile Architecture "slv_spi_rx_shifter" of Entity "slv_spi_rx_shifter"
# Compile Entity "edge_det"
# Compile Architecture "moore_fsm" of Entity "edge_det"
# Compile Entity "rx_buff_reg"
# Compile Architecture "Behavioral" of Entity "rx_buff_reg"
# Compile Entity "hex_digit_reg"
# Compile Architecture "behavioral" of Entity "hex_digit_reg"
# Compile Entity "decoder_2to4"
# Compile Architecture "dataflow" of Entity "decoder_2to4"
# Compile Entity "load_digit_fsm"
# Compile Architecture "moore_fsm" of Entity "load_digit_fsm"
# Compile Entity "hex_dig_mux"
# Error: COMP96_0078: spi_mux_digit_driver.vhd : (302, 19): Unknown identifier "rst_bar".
# Error: COMP96_0133: spi_mux_digit_driver.vhd : (302, 19): Cannot find object declaration.
# Error: COMP96_0078: spi_mux_digit_driver.vhd : (304, 19): Unknown identifier "ss_bar".
# Error: COMP96_0133: spi_mux_digit_driver.vhd : (304, 19): Cannot find object declaration.
# Error: COMP96_0078: spi_mux_digit_driver.vhd : (305, 19): Unknown identifier "sck".
# Error: COMP96_0133: spi_mux_digit_driver.vhd : (305, 19): Cannot find object declaration.
# Error: COMP96_0078: spi_mux_digit_driver.vhd : (306, 19): Unknown identifier "mosi".
# Error: COMP96_0133: spi_mux_digit_driver.vhd : (306, 19): Cannot find object declaration.
# Error: COMP96_0078: spi_mux_digit_driver.vhd : (307, 19): Unknown identifier "clk".
# Error: COMP96_0133: spi_mux_digit_driver.vhd : (307, 19): Cannot find object declaration.
# Error: COMP96_0078: spi_mux_digit_driver.vhd : (308, 19): Unknown identifier "seg_drive".
# Error: COMP96_0133: spi_mux_digit_driver.vhd : (308, 19): Cannot find object declaration.
# Compile Architecture "behavioral" of Entity "hex_dig_mux"
# Compile Entity "hex_seven"
# Compile Architecture "behavioral" of Entity "hex_seven"
# Compile Entity "spi_mux_digit_driver"
# Compile Architecture "spi_mux_digit_driver" of Entity "spi_mux_digit_driver"
# Compile failure 12 Errors 0 Warnings  Analysis time :  1.0 [s]
acom -dbg -e 100 -work prelab11 -2008  $dsn/src/spi_mux_digit_driver.vhd
# File: F:/ESE382-Lab/Lab11/Prelab11/Prelab11/prelab11/src/spi_mux_digit_driver.vhd
# Compile Entity "slv_spi_rx_shifter"
# Compile Architecture "slv_spi_rx_shifter" of Entity "slv_spi_rx_shifter"
# Compile Entity "edge_det"
# Compile Architecture "moore_fsm" of Entity "edge_det"
# Compile Entity "rx_buff_reg"
# Compile Architecture "Behavioral" of Entity "rx_buff_reg"
# Compile Entity "hex_digit_reg"
# Compile Architecture "behavioral" of Entity "hex_digit_reg"
# Compile Entity "decoder_2to4"
# Compile Architecture "dataflow" of Entity "decoder_2to4"
# Compile Entity "load_digit_fsm"
# Compile Architecture "moore_fsm" of Entity "load_digit_fsm"
# Compile Entity "hex_dig_mux"
# Compile Architecture "behavioral" of Entity "hex_dig_mux"
# Compile Entity "h