Active-HDL 12.0.118.7745 2024-05-01 08:47:44

Elaboration top modules:
Architecture                  TB_ARCHITECTURE(spi_mux_digit_driver_tb)


-------------------------------------------------------------------------------------------------------------------
Entity                  | Architecture         | Library  | Info | Compiler Version          | Compilation Options
-------------------------------------------------------------------------------------------------------------------
spi_mux_digit_driver_tb | TB_ARCHITECTURE      | prelab11 |      | 12.0.118.7745 (Windows64) | -dbg -2008
spi_mux_digit_driver    | spi_mux_digit_driver | prelab11 |      | 12.0.118.7745 (Windows64) | -dbg -2008
edge_det                | moore_fsm            | prelab11 |      | 12.0.118.7745 (Windows64) | -dbg -2008
slv_spi_rx_shifter      | slv_spi_rx_shifter   | prelab11 |      | 12.0.118.7745 (Windows64) | -dbg -2008
rx_buff_reg             | Behavioral           | prelab11 |      | 12.0.118.7745 (Windows64) | -dbg -2008
decoder_2to4            | dataflow             | prelab11 |      | 12.0.118.7745 (Windows64) | -dbg -2008
hex_digit_reg           | behavioral           | prelab11 |      | 12.0.118.7745 (Windows64) | -dbg -2008
hex_dig_mux             | behavioral           | prelab11 |      | 12.0.118.7745 (Windows64) | -dbg -2008
hex_seven               | behavioral           | prelab11 |      | 12.0.118.7745 (Windows64) | -dbg -2008
load_digit_fsm          | moore_fsm            | prelab11 |      | 12.0.118.7745 (Windows64) | -dbg -2008
-------------------------------------------------------------------------------------------------------------------

-------------------------------------------------------------------------------------------------------------------
VHDL Package                                   | Library  | Info | Compiler Version          | Compilation Options
-------------------------------------------------------------------------------------------------------------------
standard                                       | std      |      |                           | <unavailable>
TEXTIO                                         | std      |      |                           | <unavailable>
std_logic_1164                                 | ieee     |      |                           | <unavailable>
ENV                                            | std      |      |                           | <unavailable>
NUMERIC_STD                                    | ieee     |      |                           | <unavailable>
-------------------------------------------------------------------------------------------------------------------

-------------------------------------------------------------------------------------------------------------------
Library                                        | Comment
-------------------------------------------------------------------------------------------------------------------
ieee                                           | Standard IEEE packages library
prelab11                                       | None
std                                            | Standard VHDL library
-------------------------------------------------------------------------------------------------------------------


Simulation Options: asim -O5 +access +r +m+spi_mux_digit_driver_tb spi_mux_digit_driver_tb TB_ARCHITECTURE


The performance of simulation is reduced. Version EDU Edition
